<?xml version="1.0" encoding="UTF-8"?>
<!-- Generated by org.testng.reporters.JUnitXMLReporter -->
<testsuite ignored="2" hostname="Bhavaja" failures="3" tests="3" name="Test" time="0.057" errors="0" timestamp="2025-09-04T12:59:19 IST">
  <testcase classname="tests.BasePageTest" name="verifyHomePageTitleTest" time="0.01">
    <failure type="java.lang.NullPointerException" message="Cannot invoke &amp;quot;pages.BasePage.openUrl(String)&amp;quot; because &amp;quot;this.basePage&amp;quot; is null">
      <![CDATA[java.lang.NullPointerException: Cannot invoke "pages.BasePage.openUrl(String)" because "this.basePage" is null
at tests.BasePageTest.verifyHomePageTitleTest(BasePageTest.java:15)
at java.base/java.util.ArrayList.forEach(ArrayList.java:1597)
... Removed 25 stack frames]]>
    </failure>
  </testcase> <!-- verifyHomePageTitleTest -->
  <testcase classname="tests.HomePageTest" name="navigateToProductsPage" time="0.002">
    <failure type="java.lang.NullPointerException" message="Cannot invoke &amp;quot;pages.HomePage.clickProducts()&amp;quot; because &amp;quot;this.homePage&amp;quot; is null">
      <![CDATA[java.lang.NullPointerException: Cannot invoke "pages.HomePage.clickProducts()" because "this.homePage" is null
at tests.HomePageTest.navigateToProductsPage(HomePageTest.java:23)
at java.base/java.util.ArrayList.forEach(ArrayList.java:1597)
... Removed 25 stack frames]]>
    </failure>
  </testcase> <!-- navigateToProductsPage -->
  <testcase classname="tests.HomePageTest" name="verifySignupLoginButtonVisible" time="0.002">
    <failure type="java.lang.NullPointerException" message="Cannot invoke &amp;quot;pages.HomePage.isSignupLoginVisible()&amp;quot; because &amp;quot;this.homePage&amp;quot; is null">
      <![CDATA[java.lang.NullPointerException: Cannot invoke "pages.HomePage.isSignupLoginVisible()" because "this.homePage" is null
at tests.HomePageTest.verifySignupLoginButtonVisible(HomePageTest.java:17)
at java.base/java.util.ArrayList.forEach(ArrayList.java:1597)
... Removed 25 stack frames]]>
    </failure>
  </testcase> <!-- verifySignupLoginButtonVisible -->
  <testcase classname="tests.BaseTest" name="@BeforeSuite globalSetup" time="0.0">
    <ignored/>
  </testcase> <!-- @BeforeSuite globalSetup -->
  <testcase classname="tests.BaseTest" name="@AfterSuite globalTeardown" time="0.0">
    <ignored/>
  </testcase> <!-- @AfterSuite globalTeardown -->
</testsuite> <!-- Test -->
