<?xml version="1.0" encoding="UTF-8"?>
<testng-results ignored="0" total="1" passed="1" failed="0" skipped="0">
  <reporter-output>
  </reporter-output>
  <suite started-at="2025-09-07T23:06:37 IST" name="Default suite" finished-at="2025-09-07T23:07:00 IST" duration-ms="22379">
    <groups>
    </groups>
    <test started-at="2025-09-07T23:06:37 IST" name="Default test" finished-at="2025-09-07T23:07:00 IST" duration-ms="22379">
      <class name="tests.PaymentPageTest">
        <test-method is-config="true" signature="setUp()[pri:0, instance:tests.PaymentPageTest@d35dea7]" started-at="2025-09-07T23:06:37 IST" name="setUp" finished-at="2025-09-07T23:06:39 IST" duration-ms="1422" status="PASS">
          <reporter-output>
          </reporter-output>
        </test-method> <!-- setUp -->
        <test-method signature="paymentTest()[pri:0, instance:tests.PaymentPageTest@d35dea7]" started-at="2025-09-07T23:06:39 IST" name="paymentTest" finished-at="2025-09-07T23:06:59 IST" duration-ms="20666" status="PASS">
          <reporter-output>
          </reporter-output>
        </test-method> <!-- paymentTest -->
        <test-method is-config="true" signature="tearDown()[pri:0, instance:tests.PaymentPageTest@d35dea7]" started-at="2025-09-07T23:06:59 IST" name="tearDown" finished-at="2025-09-07T23:07:00 IST" duration-ms="253" status="PASS">
          <reporter-output>
          </reporter-output>
        </test-method> <!-- tearDown -->
      </class> <!-- tests.PaymentPageTest -->
    </test> <!-- Default test -->
  </suite> <!-- Default suite -->
</testng-results>
